Clock: wb_clk_i
Sources: wb_clk_i 
Generated: no
Virtual: yes
Propagated: no
Period: 20.000000

===========================================================================
report_clock_properties
============================================================================
Clock                   Period          Waveform
----------------------------------------------------
wb_clk_i             20.000000    0.000000 10.000000

===========================================================================
report_clock_latency
============================================================================
Clock wb_clk_i
rise -> rise
    min     max
0.000000 0.000000 source latency
1.273651         network latency i_sram.sram2/CLKin
        1.347110 network latency i_sram.sram4/CLKin
---------------
1.273651 1.347110 latency
        0.073459 skew

fall -> fall
    min     max
0.000000 0.000000 source latency
1.087231         network latency i_sram.sram2/CLKin
        1.149751 network latency i_sram.sram4/CLKin
---------------
1.087231 1.149751 latency
        0.062520 skew



===========================================================================
report_clock_min_period
============================================================================
wb_clk_i period_min = 0.00 fmax = inf
