Clock: wb_clk_i
Sources: wb_clk_i 
Generated: no
Virtual: yes
Propagated: no
Period: 20.000000

===========================================================================
report_clock_properties
============================================================================
Clock                   Period          Waveform
----------------------------------------------------
wb_clk_i             20.000000    0.000000 10.000000

===========================================================================
report_clock_latency
============================================================================
Clock wb_clk_i
rise -> rise
    min     max
0.000000 0.000000 source latency
0.572972         network latency i_sram.sram2/CLKin
        0.622632 network latency i_sram.sram4/CLKin
---------------
0.572972 0.622632 latency
        0.049660 skew

fall -> fall
    min     max
0.000000 0.000000 source latency
0.453333         network latency i_sram.sram2/CLKin
        0.504254 network latency i_sram.sram4/CLKin
---------------
0.453333 0.504254 latency
        0.050921 skew



===========================================================================
report_clock_min_period
============================================================================
wb_clk_i period_min = 0.00 fmax = inf
