Clock: wb_clk_i
Sources: wb_clk_i 
Generated: no
Virtual: yes
Propagated: no
Period: 20.000000

===========================================================================
report_clock_properties
============================================================================
Clock                   Period          Waveform
----------------------------------------------------
wb_clk_i             20.000000    0.000000 10.000000

===========================================================================
report_clock_latency
============================================================================
Clock wb_clk_i
rise -> rise
    min     max
0.000000 0.000000 source latency
0.752213         network latency i_sram.sram2/CLKin
        0.800471 network latency i_sram.sram4/CLKin
---------------
0.752213 0.800471 latency
        0.048258 skew

fall -> fall
    min     max
0.000000 0.000000 source latency
0.614712         network latency i_sram.sram2/CLKin
        0.654074 network latency i_sram.sram4/CLKin
---------------
0.614712 0.654074 latency
        0.039362 skew



===========================================================================
report_clock_min_period
============================================================================
wb_clk_i period_min = 0.00 fmax = inf
