
===========================================================================
report_checks -unconstrained
===========================================================================
======================= nom_tt_025C_1v80 Corner ===================================

Startpoint: wb_rst_i (input port clocked by wb_clk_i)
Endpoint: _674_ (recovery check against rising-edge clock wb_clk_i)
Path Group: asynchronous
Path Type: max

Fanout         Cap        Slew       Delay        Time   Description
---------------------------------------------------------------------------------------------
                                  0.000000    0.000000   clock wb_clk_i (rise edge)
                                  0.000000    0.000000   clock network delay (propagated)
                                  1.000000    1.000000 v input external delay
     1    0.002019    0.000000    0.000000    1.000000 v wb_rst_i (in)
                                                         wb_rst_i (net)
                      0.000042    0.000021    1.000021 v hold1/A (sky130_fd_sc_hd__dlygate4sd3_1)
     1    0.002079    0.049757    0.525050    1.525071 v hold1/X (sky130_fd_sc_hd__dlygate4sd3_1)
                                                         net160 (net)
                      0.049757    0.000039    1.525110 v input1/A (sky130_fd_sc_hd__buf_1)
     1    0.010117    0.065145    0.122655    1.647765 v input1/X (sky130_fd_sc_hd__buf_1)
                                                         net1 (net)
                      0.065148    0.000501    1.648267 v _377_/A (sky130_fd_sc_hd__inv_2)
     1    0.017319    0.084397    0.094851    1.743118 ^ _377_/Y (sky130_fd_sc_hd__inv_2)
                                                         _000_ (net)
                      0.084417    0.001066    1.744184 ^ _674_/RESET_B (sky130_fd_sc_hd__dfrtp_1)
                                              1.744184   data arrival time

                                 20.000000   20.000000   clock wb_clk_i (rise edge)
                                  0.000000   20.000000   clock source latency
     1    0.135118    0.000000    0.000000   20.000000 ^ wb_clk_i (in)
                                                         wb_clk_i (net)
                      0.019380    0.009690   20.009691 ^ clkbuf_0_wb_clk_i/A (sky130_fd_sc_hd__clkbuf_16)
     2    0.105355    0.119459    0.176639   20.186329 ^ clkbuf_0_wb_clk_i/X (sky130_fd_sc_hd__clkbuf_16)
                                                         clknet_0_wb_clk_i (net)
                      0.121304    0.011751   20.198080 ^ clkbuf_1_0__f_wb_clk_i/A (sky130_fd_sc_hd__clkbuf_16)
     5    0.663669    0.666925    0.502265   20.700346 ^ clkbuf_1_0__f_wb_clk_i/X (sky130_fd_sc_hd__clkbuf_16)
                                                         clknet_1_0__leaf_wb_clk_i (net)
                      0.696367    0.109848   20.810194 ^ _674_/CLK (sky130_fd_sc_hd__dfrtp_1)
                                 -0.250000   20.560194   clock uncertainty
                                  0.000000   20.560194   clock reconvergence pessimism
                                  0.385100   20.945293   library recovery time
                                             20.945293   data required time
---------------------------------------------------------------------------------------------
                                             20.945293   data required time
                                             -1.744184   data arrival time
---------------------------------------------------------------------------------------------
                                             19.201111   slack (MET)


Startpoint: i_sram.sram6 (rising edge-triggered flip-flop clocked by wb_clk_i)
Endpoint: wbs_dat_o[15] (output port clocked by wb_clk_i)
Path Group: wb_clk_i
Path Type: max

Fanout         Cap        Slew       Delay        Time   Description
---------------------------------------------------------------------------------------------
                                  0.000000    0.000000   clock wb_clk_i (rise edge)
                                  0.000000    0.000000   clock source latency
     1    0.135118    0.000000    0.000000    0.000000 ^ wb_clk_i (in)
                                                         wb_clk_i (net)
                      0.019380    0.009690    0.009690 ^ clkbuf_0_wb_clk_i/A (sky130_fd_sc_hd__clkbuf_16)
     2    0.105355    0.119459    0.176640    0.186330 ^ clkbuf_0_wb_clk_i/X (sky130_fd_sc_hd__clkbuf_16)
                                                         clknet_0_wb_clk_i (net)
                      0.120272    0.007835    0.194165 ^ clkbuf_1_1__f_wb_clk_i/A (sky130_fd_sc_hd__clkbuf_16)
    14    0.640765    0.644236    0.526046    0.720211 ^ clkbuf_1_1__f_wb_clk_i/X (sky130_fd_sc_hd__clkbuf_16)
                                                         clknet_1_1__leaf_wb_clk_i (net)
                      0.663700    0.088787    0.808998 ^ i_sram.sram6/CLKin (CF_SRAM_1024x32)
    11    0.078988    0.054087    2.385265    3.194263 v i_sram.sram6/DO[15] (CF_SRAM_1024x32)
                                                         i_sram.sram_do_6[15] (net)
                      0.054087    0.004516    3.198779 v _554_/A (sky130_fd_sc_hd__or3_1)
     1    0.013721    0.125043    0.438272    3.637051 v _554_/X (sky130_fd_sc_hd__or3_1)
                                                         _150_ (net)
                      0.125045    0.000775    3.637826 v _557_/A2 (sky130_fd_sc_hd__a311o_2)
     1    0.036441    0.131128    0.493802    4.131628 v _557_/X (sky130_fd_sc_hd__a311o_2)
                                                         _153_ (net)
                      0.131405    0.005177    4.136805 v _559_/B1 (sky130_fd_sc_hd__a22o_1)
     1    0.028617    0.148452    0.314920    4.451725 v _559_/X (sky130_fd_sc_hd__a22o_1)
                                                         _155_ (net)
                      0.148540    0.003343    4.455067 v _560_/A1 (sky130_fd_sc_hd__mux2_2)
     1    0.036288    0.124763    0.401359    4.856427 v _560_/X (sky130_fd_sc_hd__mux2_2)
                                                         _156_ (net)
                      0.125030    0.004987    4.861413 v _561_/A1 (sky130_fd_sc_hd__mux2_1)
     1    0.016404    0.116924    0.393547    5.254960 v _561_/X (sky130_fd_sc_hd__mux2_1)
                                                         _157_ (net)
                      0.116933    0.001121    5.256082 v _563_/A2 (sky130_fd_sc_hd__o211a_2)
     2    0.072223    0.192119    0.403011    5.659093 v _563_/X (sky130_fd_sc_hd__o211a_2)
                                                         net61 (net)
                      0.195700    0.021124    5.680217 v output61/A (sky130_fd_sc_hd__buf_1)
     1    0.000416    0.017857    0.130103    5.810320 v output61/X (sky130_fd_sc_hd__buf_1)
                                                         wbs_dat_o[15] (net)
                      0.017857    0.000004    5.810324 v wbs_dat_o[15] (out)
                                              5.810324   data arrival time

                                 20.000000   20.000000   clock wb_clk_i (rise edge)
                                  0.000000   20.000000   clock network delay (propagated)
                                 -0.250000   19.750002   clock uncertainty
                                  0.000000   19.750002   clock reconvergence pessimism
                                 -1.000000   18.750002   output external delay
                                             18.750002   data required time
---------------------------------------------------------------------------------------------
                                             18.750002   data required time
                                             -5.810324   data arrival time
---------------------------------------------------------------------------------------------
                                             12.939676   slack (MET)




===========================================================================
report_checks --slack_max -0.01
============================================================================
======================= nom_tt_025C_1v80 Corner ===================================

No paths found.


===========================================================================
 report_check_types -max_slew -max_cap -max_fanout -violators
============================================================================
======================= nom_tt_025C_1v80 Corner ===================================



===========================================================================
report_parasitic_annotation -report_unannotated
============================================================================
Found 92 unannotated drivers.
 wbs_adr_i[0]
 wbs_adr_i[15]
 wbs_adr_i[16]
 wbs_adr_i[17]
 wbs_adr_i[18]
 wbs_adr_i[19]
 wbs_adr_i[1]
 wbs_adr_i[20]
 wbs_adr_i[21]
 wbs_adr_i[22]
 wbs_adr_i[23]
 wbs_adr_i[24]
 wbs_adr_i[25]
 wbs_adr_i[26]
 wbs_adr_i[27]
 wbs_adr_i[28]
 wbs_adr_i[29]
 wbs_adr_i[30]
 wbs_adr_i[31]
 clkload0/X
 i_sram.sram0/ScanOutCC
 i_sram.sram0_100/HI
 i_sram.sram0_101/HI
 i_sram.sram0_144/LO
 i_sram.sram0_145/LO
 i_sram.sram0_96/HI
 i_sram.sram0_97/HI
 i_sram.sram0_98/HI
 i_sram.sram0_99/HI
 i_sram.sram1/ScanOutCC
 i_sram.sram1_102/HI
 i_sram.sram1_103/HI
 i_sram.sram1_104/HI
 i_sram.sram1_105/HI
 i_sram.sram1_106/HI
 i_sram.sram1_107/HI
 i_sram.sram1_146/LO
 i_sram.sram1_147/LO
 i_sram.sram2/ScanOutCC
 i_sram.sram2_108/HI
 i_sram.sram2_109/HI
 i_sram.sram2_110/HI
 i_sram.sram2_111/HI
 i_sram.sram2_112/HI
 i_sram.sram2_113/HI
 i_sram.sram2_148/LO
 i_sram.sram2_149/LO
 i_sram.sram3/ScanOutCC
 i_sram.sram3_114/HI
 i_sram.sram3_115/HI
 i_sram.sram3_116/HI
 i_sram.sram3_117/HI
 i_sram.sram3_118/HI
 i_sram.sram3_119/HI
 i_sram.sram3_150/LO
 i_sram.sram3_151/LO
 i_sram.sram4/ScanOutCC
 i_sram.sram4_120/HI
 i_sram.sram4_121/HI
 i_sram.sram4_122/HI
 i_sram.sram4_123/HI
 i_sram.sram4_124/HI
 i_sram.sram4_125/HI
 i_sram.sram4_152/LO
 i_sram.sram4_153/LO
 i_sram.sram5/ScanOutCC
 i_sram.sram5_126/HI
 i_sram.sram5_127/HI
 i_sram.sram5_128/HI
 i_sram.sram5_129/HI
 i_sram.sram5_130/HI
 i_sram.sram5_131/HI
 i_sram.sram5_154/LO
 i_sram.sram5_155/LO
 i_sram.sram6/ScanOutCC
 i_sram.sram6_132/HI
 i_sram.sram6_133/HI
 i_sram.sram6_134/HI
 i_sram.sram6_135/HI
 i_sram.sram6_136/HI
 i_sram.sram6_137/HI
 i_sram.sram6_156/LO
 i_sram.sram6_157/LO
 i_sram.sram7/ScanOutCC
 i_sram.sram7_138/HI
 i_sram.sram7_139/HI
 i_sram.sram7_140/HI
 i_sram.sram7_141/HI
 i_sram.sram7_142/HI
 i_sram.sram7_143/HI
 i_sram.sram7_158/LO
 i_sram.sram7_159/LO
Found 0 partially unannotated drivers.

===========================================================================
max slew violation count 0
max fanout violation count 0
max cap violation count 0
============================================================================

===========================================================================
check_setup -verbose -unconstrained_endpoints -multiple_clock -no_clock -no_input_delay -loops -generated_clocks
===========================================================================
Warning: There are 40 unconstrained endpoints.
  i_sram.sram0/SM
  i_sram.sram0/ScanInCC
  i_sram.sram0/ScanInDL
  i_sram.sram0/ScanInDR
  i_sram.sram0/TM
  i_sram.sram1/SM
  i_sram.sram1/ScanInCC
  i_sram.sram1/ScanInDL
  i_sram.sram1/ScanInDR
  i_sram.sram1/TM
  i_sram.sram2/SM
  i_sram.sram2/ScanInCC
  i_sram.sram2/ScanInDL
  i_sram.sram2/ScanInDR
  i_sram.sram2/TM
  i_sram.sram3/SM
  i_sram.sram3/ScanInCC
  i_sram.sram3/ScanInDL
  i_sram.sram3/ScanInDR
  i_sram.sram3/TM
  i_sram.sram4/SM
  i_sram.sram4/ScanInCC
  i_sram.sram4/ScanInDL
  i_sram.sram4/ScanInDR
  i_sram.sram4/TM
  i_sram.sram5/SM
  i_sram.sram5/ScanInCC
  i_sram.sram5/ScanInDL
  i_sram.sram5/ScanInDR
  i_sram.sram5/TM
  i_sram.sram6/SM
  i_sram.sram6/ScanInCC
  i_sram.sram6/ScanInDL
  i_sram.sram6/ScanInDR
  i_sram.sram6/TM
  i_sram.sram7/SM
  i_sram.sram7/ScanInCC
  i_sram.sram7/ScanInDL
  i_sram.sram7/ScanInDR
  i_sram.sram7/TM
