
===========================================================================
report_checks -unconstrained
===========================================================================
======================= max_tt_025C_1v80 Corner ===================================

Startpoint: wb_rst_i (input port clocked by wb_clk_i)
Endpoint: _674_ (recovery check against rising-edge clock wb_clk_i)
Path Group: asynchronous
Path Type: max

Fanout         Cap        Slew       Delay        Time   Description
---------------------------------------------------------------------------------------------
                                  0.000000    0.000000   clock wb_clk_i (rise edge)
                                  0.000000    0.000000   clock network delay (propagated)
                                  1.000000    1.000000 v input external delay
     1    0.002065    0.000000    0.000000    1.000000 v wb_rst_i (in)
                                                         wb_rst_i (net)
                      0.000105    0.000052    1.000052 v hold1/A (sky130_fd_sc_hd__dlygate4sd3_1)
     1    0.002082    0.049780    0.525083    1.525135 v hold1/X (sky130_fd_sc_hd__dlygate4sd3_1)
                                                         net160 (net)
                      0.049780    0.000095    1.525231 v input1/A (sky130_fd_sc_hd__buf_1)
     1    0.010499    0.067304    0.124086    1.649316 v input1/X (sky130_fd_sc_hd__buf_1)
                                                         net1 (net)
                      0.067316    0.000890    1.650207 v _377_/A (sky130_fd_sc_hd__inv_2)
     1    0.018341    0.089104    0.098603    1.748810 ^ _377_/Y (sky130_fd_sc_hd__inv_2)
                                                         _000_ (net)
                      0.089162    0.001869    1.750679 ^ _674_/RESET_B (sky130_fd_sc_hd__dfrtp_1)
                                              1.750679   data arrival time

                                 20.000000   20.000000   clock wb_clk_i (rise edge)
                                  0.000000   20.000000   clock source latency
     1    0.142467    0.000000    0.000000   20.000000 ^ wb_clk_i (in)
                                                         wb_clk_i (net)
                      0.026110    0.013054   20.013056 ^ clkbuf_0_wb_clk_i/A (sky130_fd_sc_hd__clkbuf_16)
     2    0.109005    0.123545    0.178019   20.191074 ^ clkbuf_0_wb_clk_i/X (sky130_fd_sc_hd__clkbuf_16)
                                                         clknet_0_wb_clk_i (net)
                      0.128044    0.018515   20.209589 ^ clkbuf_1_0__f_wb_clk_i/A (sky130_fd_sc_hd__clkbuf_16)
     5    0.680023    0.683366    0.481156   20.690746 ^ clkbuf_1_0__f_wb_clk_i/X (sky130_fd_sc_hd__clkbuf_16)
                                                         clknet_1_0__leaf_wb_clk_i (net)
                      0.738293    0.148297   20.839043 ^ _674_/CLK (sky130_fd_sc_hd__dfrtp_1)
                                 -0.250000   20.589045   clock uncertainty
                                  0.000000   20.589045   clock reconvergence pessimism
                                  0.389260   20.978304   library recovery time
                                             20.978304   data required time
---------------------------------------------------------------------------------------------
                                             20.978304   data required time
                                             -1.750679   data arrival time
---------------------------------------------------------------------------------------------
                                             19.227627   slack (MET)


Startpoint: i_sram.sram6 (rising edge-triggered flip-flop clocked by wb_clk_i)
Endpoint: wbs_dat_o[15] (output port clocked by wb_clk_i)
Path Group: wb_clk_i
Path Type: max

Fanout         Cap        Slew       Delay        Time   Description
---------------------------------------------------------------------------------------------
                                  0.000000    0.000000   clock wb_clk_i (rise edge)
                                  0.000000    0.000000   clock source latency
     1    0.142467    0.000000    0.000000    0.000000 ^ wb_clk_i (in)
                                                         wb_clk_i (net)
                      0.026110    0.013055    0.013055 ^ clkbuf_0_wb_clk_i/A (sky130_fd_sc_hd__clkbuf_16)
     2    0.109005    0.123545    0.178019    0.191074 ^ clkbuf_0_wb_clk_i/X (sky130_fd_sc_hd__clkbuf_16)
                                                         clknet_0_wb_clk_i (net)
                      0.125770    0.013002    0.204076 ^ clkbuf_1_1__f_wb_clk_i/A (sky130_fd_sc_hd__clkbuf_16)
    14    0.656331    0.658708    0.513314    0.717389 ^ clkbuf_1_1__f_wb_clk_i/X (sky130_fd_sc_hd__clkbuf_16)
                                                         clknet_1_1__leaf_wb_clk_i (net)
                      0.696647    0.122980    0.840369 ^ i_sram.sram6/CLKin (CF_SRAM_1024x32)
    11    0.083244    0.056435    2.384965    3.225334 v i_sram.sram6/DO[15] (CF_SRAM_1024x32)
                                                         i_sram.sram_do_6[15] (net)
                      0.056512    0.006841    3.232174 v _554_/A (sky130_fd_sc_hd__or3_1)
     1    0.014782    0.131431    0.444457    3.676632 v _554_/X (sky130_fd_sc_hd__or3_1)
                                                         _150_ (net)
                      0.131439    0.001194    3.677826 v _557_/A2 (sky130_fd_sc_hd__a311o_2)
     1    0.041023    0.141125    0.503408    4.181233 v _557_/X (sky130_fd_sc_hd__a311o_2)
                                                         _153_ (net)
                      0.142248    0.009279    4.190513 v _559_/B1 (sky130_fd_sc_hd__a22o_1)
     1    0.032635    0.165745    0.331387    4.521899 v _559_/X (sky130_fd_sc_hd__a22o_1)
                                                         _155_ (net)
                      0.166041    0.006173    4.528072 v _560_/A1 (sky130_fd_sc_hd__mux2_2)
     1    0.038381    0.129295    0.411770    4.939842 v _560_/X (sky130_fd_sc_hd__mux2_2)
                                                         _156_ (net)
                      0.129835    0.007120    4.946962 v _561_/A1 (sky130_fd_sc_hd__mux2_1)
     1    0.017091    0.120392    0.398350    5.345313 v _561_/X (sky130_fd_sc_hd__mux2_1)
                                                         _157_ (net)
                      0.120424    0.001896    5.347209 v _563_/A2 (sky130_fd_sc_hd__o211a_2)
     2    0.073620    0.196896    0.402566    5.749775 v _563_/X (sky130_fd_sc_hd__o211a_2)
                                                         net61 (net)
                      0.202740    0.026950    5.776726 v output61/A (sky130_fd_sc_hd__buf_1)
     1    0.000474    0.018377    0.132733    5.909459 v output61/X (sky130_fd_sc_hd__buf_1)
                                                         wbs_dat_o[15] (net)
                      0.018377    0.000011    5.909470 v wbs_dat_o[15] (out)
                                              5.909470   data arrival time

                                 20.000000   20.000000   clock wb_clk_i (rise edge)
                                  0.000000   20.000000   clock network delay (propagated)
                                 -0.250000   19.750002   clock uncertainty
                                  0.000000   19.750002   clock reconvergence pessimism
                                 -1.000000   18.750002   output external delay
                                             18.750002   data required time
---------------------------------------------------------------------------------------------
                                             18.750002   data required time
                                             -5.909470   data arrival time
---------------------------------------------------------------------------------------------
                                             12.840530   slack (MET)




===========================================================================
report_checks --slack_max -0.01
============================================================================
======================= max_tt_025C_1v80 Corner ===================================

No paths found.


===========================================================================
 report_check_types -max_slew -max_cap -max_fanout -violators
============================================================================
======================= max_tt_025C_1v80 Corner ===================================



===========================================================================
report_parasitic_annotation -report_unannotated
============================================================================
Found 92 unannotated drivers.
 wbs_adr_i[0]
 wbs_adr_i[15]
 wbs_adr_i[16]
 wbs_adr_i[17]
 wbs_adr_i[18]
 wbs_adr_i[19]
 wbs_adr_i[1]
 wbs_adr_i[20]
 wbs_adr_i[21]
 wbs_adr_i[22]
 wbs_adr_i[23]
 wbs_adr_i[24]
 wbs_adr_i[25]
 wbs_adr_i[26]
 wbs_adr_i[27]
 wbs_adr_i[28]
 wbs_adr_i[29]
 wbs_adr_i[30]
 wbs_adr_i[31]
 clkload0/X
 i_sram.sram0/ScanOutCC
 i_sram.sram0_100/HI
 i_sram.sram0_101/HI
 i_sram.sram0_144/LO
 i_sram.sram0_145/LO
 i_sram.sram0_96/HI
 i_sram.sram0_97/HI
 i_sram.sram0_98/HI
 i_sram.sram0_99/HI
 i_sram.sram1/ScanOutCC
 i_sram.sram1_102/HI
 i_sram.sram1_103/HI
 i_sram.sram1_104/HI
 i_sram.sram1_105/HI
 i_sram.sram1_106/HI
 i_sram.sram1_107/HI
 i_sram.sram1_146/LO
 i_sram.sram1_147/LO
 i_sram.sram2/ScanOutCC
 i_sram.sram2_108/HI
 i_sram.sram2_109/HI
 i_sram.sram2_110/HI
 i_sram.sram2_111/HI
 i_sram.sram2_112/HI
 i_sram.sram2_113/HI
 i_sram.sram2_148/LO
 i_sram.sram2_149/LO
 i_sram.sram3/ScanOutCC
 i_sram.sram3_114/HI
 i_sram.sram3_115/HI
 i_sram.sram3_116/HI
 i_sram.sram3_117/HI
 i_sram.sram3_118/HI
 i_sram.sram3_119/HI
 i_sram.sram3_150/LO
 i_sram.sram3_151/LO
 i_sram.sram4/ScanOutCC
 i_sram.sram4_120/HI
 i_sram.sram4_121/HI
 i_sram.sram4_122/HI
 i_sram.sram4_123/HI
 i_sram.sram4_124/HI
 i_sram.sram4_125/HI
 i_sram.sram4_152/LO
 i_sram.sram4_153/LO
 i_sram.sram5/ScanOutCC
 i_sram.sram5_126/HI
 i_sram.sram5_127/HI
 i_sram.sram5_128/HI
 i_sram.sram5_129/HI
 i_sram.sram5_130/HI
 i_sram.sram5_131/HI
 i_sram.sram5_154/LO
 i_sram.sram5_155/LO
 i_sram.sram6/ScanOutCC
 i_sram.sram6_132/HI
 i_sram.sram6_133/HI
 i_sram.sram6_134/HI
 i_sram.sram6_135/HI
 i_sram.sram6_136/HI
 i_sram.sram6_137/HI
 i_sram.sram6_156/LO
 i_sram.sram6_157/LO
 i_sram.sram7/ScanOutCC
 i_sram.sram7_138/HI
 i_sram.sram7_139/HI
 i_sram.sram7_140/HI
 i_sram.sram7_141/HI
 i_sram.sram7_142/HI
 i_sram.sram7_143/HI
 i_sram.sram7_158/LO
 i_sram.sram7_159/LO
Found 0 partially unannotated drivers.

===========================================================================
max slew violation count 0
max fanout violation count 0
max cap violation count 0
============================================================================

===========================================================================
check_setup -verbose -unconstrained_endpoints -multiple_clock -no_clock -no_input_delay -loops -generated_clocks
===========================================================================
Warning: There are 40 unconstrained endpoints.
  i_sram.sram0/SM
  i_sram.sram0/ScanInCC
  i_sram.sram0/ScanInDL
  i_sram.sram0/ScanInDR
  i_sram.sram0/TM
  i_sram.sram1/SM
  i_sram.sram1/ScanInCC
  i_sram.sram1/ScanInDL
  i_sram.sram1/ScanInDR
  i_sram.sram1/TM
  i_sram.sram2/SM
  i_sram.sram2/ScanInCC
  i_sram.sram2/ScanInDL
  i_sram.sram2/ScanInDR
  i_sram.sram2/TM
  i_sram.sram3/SM
  i_sram.sram3/ScanInCC
  i_sram.sram3/ScanInDL
  i_sram.sram3/ScanInDR
  i_sram.sram3/TM
  i_sram.sram4/SM
  i_sram.sram4/ScanInCC
  i_sram.sram4/ScanInDL
  i_sram.sram4/ScanInDR
  i_sram.sram4/TM
  i_sram.sram5/SM
  i_sram.sram5/ScanInCC
  i_sram.sram5/ScanInDL
  i_sram.sram5/ScanInDR
  i_sram.sram5/TM
  i_sram.sram6/SM
  i_sram.sram6/ScanInCC
  i_sram.sram6/ScanInDL
  i_sram.sram6/ScanInDR
  i_sram.sram6/TM
  i_sram.sram7/SM
  i_sram.sram7/ScanInCC
  i_sram.sram7/ScanInDL
  i_sram.sram7/ScanInDR
  i_sram.sram7/TM
