Clock: wb_clk_i
Sources: wb_clk_i 
Generated: no
Virtual: yes
Propagated: no
Period: 20.000000

===========================================================================
report_clock_properties
============================================================================
Clock                   Period          Waveform
----------------------------------------------------
wb_clk_i             20.000000    0.000000 10.000000

===========================================================================
report_clock_latency
============================================================================
Clock wb_clk_i
rise -> rise
    min     max
0.000000 0.000000 source latency
0.798070         network latency i_sram.sram2/CLKin
        0.862434 network latency i_sram.sram4/CLKin
---------------
0.798070 0.862434 latency
        0.064364 skew

fall -> fall
    min     max
0.000000 0.000000 source latency
0.648059         network latency i_sram.sram2/CLKin
        0.712246 network latency i_sram.sram4/CLKin
---------------
0.648059 0.712246 latency
        0.064188 skew



===========================================================================
report_clock_min_period
============================================================================
wb_clk_i period_min = 0.00 fmax = inf
